This is pdfTeX, Version 3.141592653-2.6-1.40.24 (TeX Live 2022/Debian) (preloaded format=pdflatex 2025.5.14)  12 DEC 2025 15:00
entering extended mode
 restricted \write18 enabled.
 %&-line parsing enabled.
**Analysis_Note_InclusiveEarlyScienceGrids_ep.tex
(./Analysis_Note_InclusiveEarlyScienceGrids_ep.tex
LaTeX2e <2022-11-01> patch level 1
L3 programming layer <2023-01-16>
(/usr/share/texlive/texmf-dist/tex/latex/base/article.cls
Document Class: article 2022/07/02 v1.4n Standard LaTeX document class
(/usr/share/texlive/texmf-dist/tex/latex/base/size12.clo
File: size12.clo 2022/07/02 v1.4n Standard LaTeX file (size option)
)
\c@part=\count185
\c@section=\count186
\c@subsection=\count187
\c@subsubsection=\count188
\c@paragraph=\count189
\c@subparagraph=\count190
\c@figure=\count191
\c@table=\count192
\abovecaptionskip=\skip48
\belowcaptionskip=\skip49
\bibindent=\dimen140
)
(/usr/share/texlive/texmf-dist/tex/latex/base/inputenc.sty
Package: inputenc 2021/02/14 v1.3d Input encoding file
\inpenc@prehook=\toks16
\inpenc@posthook=\toks17
)
(/usr/share/texlive/texmf-dist/tex/latex/graphics/graphicx.sty
Package: graphicx 2021/09/16 v1.2d Enhanced LaTeX Graphics (DPC,SPQR)

(/usr/share/texlive/texmf-dist/tex/latex/graphics/keyval.sty
Package: keyval 2022/05/29 v1.15 key=value parser (DPC)
\KV@toks@=\toks18
)
(/usr/share/texlive/texmf-dist/tex/latex/graphics/graphics.sty
Package: graphics 2022/03/10 v1.4e Standard LaTeX Graphics (DPC,SPQR)

(/usr/share/texlive/texmf-dist/tex/latex/graphics/trig.sty
Package: trig 2021/08/11 v1.11 sin cos tan (DPC)
)
(/usr/share/texlive/texmf-dist/tex/latex/graphics-cfg/graphics.cfg
File: graphics.cfg 2016/06/04 v1.11 sample graphics configuration
)
Package graphics Info: Driver file: pdftex.def on input line 107.

(/usr/share/texlive/texmf-dist/tex/latex/graphics-def/pdftex.def
File: pdftex.def 2022/09/22 v1.2b Graphics/color driver for pdftex
))
\Gin@req@height=\dimen141
\Gin@req@width=\dimen142
)
(/usr/share/texlive/texmf-dist/tex/latex/caption/caption.sty
Package: caption 2022/03/01 v3.6b Customizing captions (AR)

(/usr/share/texlive/texmf-dist/tex/latex/caption/caption3.sty
Package: caption3 2022/03/17 v2.3b caption3 kernel (AR)
\caption@tempdima=\dimen143
\captionmargin=\dimen144
\caption@leftmargin=\dimen145
\caption@rightmargin=\dimen146
\caption@width=\dimen147
\caption@indent=\dimen148
\caption@parindent=\dimen149
\caption@hangindent=\dimen150
Package caption Info: Standard document class detected.
)
\c@caption@flags=\count193
\c@continuedfloat=\count194
)
(/usr/share/texlive/texmf-dist/tex/latex/cite/cite.sty
LaTeX Info: Redefining \cite on input line 302.
LaTeX Info: Redefining \nocite on input line 332.
Package: cite 2015/02/27  v 5.5
)
(/usr/share/texlive/texmf-dist/tex/latex/amsmath/amsmath.sty
Package: amsmath 2022/04/08 v2.17n AMS math features
\@mathmargin=\skip50

For additional information on amsmath, use the `?' option.
(/usr/share/texlive/texmf-dist/tex/latex/amsmath/amstext.sty
Package: amstext 2021/08/26 v2.01 AMS text

(/usr/share/texlive/texmf-dist/tex/latex/amsmath/amsgen.sty
File: amsgen.sty 1999/11/30 v2.0 generic functions
\@emptytoks=\toks19
\ex@=\dimen151
))
(/usr/share/texlive/texmf-dist/tex/latex/amsmath/amsbsy.sty
Package: amsbsy 1999/11/29 v1.2d Bold Symbols
\pmbraise@=\dimen152
)
(/usr/share/texlive/texmf-dist/tex/latex/amsmath/amsopn.sty
Package: amsopn 2022/04/08 v2.04 operator names
)
\inf@bad=\count195
LaTeX Info: Redefining \frac on input line 234.
\uproot@=\count196
\leftroot@=\count197
LaTeX Info: Redefining \overline on input line 399.
LaTeX Info: Redefining \colon on input line 410.
\classnum@=\count198
\DOTSCASE@=\count199
LaTeX Info: Redefining \ldots on input line 496.
LaTeX Info: Redefining \dots on input line 499.
LaTeX Info: Redefining \cdots on input line 620.
\Mathstrutbox@=\box51
\strutbox@=\box52
LaTeX Info: Redefining \big on input line 722.
LaTeX Info: Redefining \Big on input line 723.
LaTeX Info: Redefining \bigg on input line 724.
LaTeX Info: Redefining \Bigg on input line 725.
\big@size=\dimen153
LaTeX Font Info:    Redeclaring font encoding OML on input line 743.
LaTeX Font Info:    Redeclaring font encoding OMS on input line 744.
\macc@depth=\count266
LaTeX Info: Redefining \bmod on input line 905.
LaTeX Info: Redefining \pmod on input line 910.
LaTeX Info: Redefining \smash on input line 940.
LaTeX Info: Redefining \relbar on input line 970.
LaTeX Info: Redefining \Relbar on input line 971.
\c@MaxMatrixCols=\count267
\dotsspace@=\muskip16
\c@parentequation=\count268
\dspbrk@lvl=\count269
\tag@help=\toks20
\row@=\count270
\column@=\count271
\maxfields@=\count272
\andhelp@=\toks21
\eqnshift@=\dimen154
\alignsep@=\dimen155
\tagshift@=\dimen156
\tagwidth@=\dimen157
\totwidth@=\dimen158
\lineht@=\dimen159
\@envbody=\toks22
\multlinegap=\skip51
\multlinetaggap=\skip52
\mathdisplay@stack=\toks23
LaTeX Info: Redefining \[ on input line 2953.
LaTeX Info: Redefining \] on input line 2954.
)
(/usr/share/texlive/texmf-dist/tex/latex/amsfonts/amssymb.sty
Package: amssymb 2013/01/14 v3.01 AMS font symbols

(/usr/share/texlive/texmf-dist/tex/latex/amsfonts/amsfonts.sty
Package: amsfonts 2013/01/14 v3.01 Basic AMSFonts support
\symAMSa=\mathgroup4
\symAMSb=\mathgroup5
LaTeX Font Info:    Redeclaring math symbol \hbar on input line 98.
LaTeX Font Info:    Overwriting math alphabet `\mathfrak' in version `bold'
(Font)                  U/euf/m/n --> U/euf/b/n on input line 106.
))
(/usr/share/texlive/texmf-dist/tex/latex/multirow/multirow.sty
Package: multirow 2021/03/15 v2.8 Span multiple rows of a table
\multirow@colwidth=\skip53
\multirow@cntb=\count273
\multirow@dima=\skip54
\bigstrutjot=\dimen160
)
(/usr/share/texlive/texmf-dist/tex/latex/setspace/setspace.sty
Package: setspace 2022/12/04 v6.7b set line spacing
)
(/usr/share/texlive/texmf-dist/tex/latex/xcolor/xcolor.sty
Package: xcolor 2022/06/12 v2.14 LaTeX color extensions (UK)

(/usr/share/texlive/texmf-dist/tex/latex/graphics-cfg/color.cfg
File: color.cfg 2016/01/02 v1.6 sample color configuration
)
Package xcolor Info: Driver file: pdftex.def on input line 227.

(/usr/share/texlive/texmf-dist/tex/latex/graphics/mathcolor.ltx)
Package xcolor Info: Model `cmy' substituted by `cmy0' on input line 1353.
Package xcolor Info: Model `hsb' substituted by `rgb' on input line 1357.
Package xcolor Info: Model `RGB' extended on input line 1369.
Package xcolor Info: Model `HTML' substituted by `rgb' on input line 1371.
Package xcolor Info: Model `Hsb' substituted by `hsb' on input line 1372.
Package xcolor Info: Model `tHsb' substituted by `hsb' on input line 1373.
Package xcolor Info: Model `HSB' substituted by `hsb' on input line 1374.
Package xcolor Info: Model `Gray' substituted by `gray' on input line 1375.
Package xcolor Info: Model `wave' substituted by `hsb' on input line 1376.
)
(/usr/share/texlive/texmf-dist/tex/latex/preprint/authblk.sty
Package: authblk 2001/02/27 1.3 (PWD)
\affilsep=\skip55
\@affilsep=\skip56
\c@Maxaffil=\count274
\c@authors=\count275
\c@affil=\count276
)
(/usr/share/texlive/texmf-dist/tex/latex/url/url.sty
\Urlmuskip=\muskip17
Package: url 2013/09/16  ver 3.4  Verb mode for urls, etc.
)
(/usr/share/texlive/texmf-dist/tex/latex/hyperref/hyperref.sty
Package: hyperref 2022-11-13 v7.00u Hypertext links for LaTeX

(/usr/share/texlive/texmf-dist/tex/generic/ltxcmds/ltxcmds.sty
Package: ltxcmds 2020-05-10 v1.25 LaTeX kernel commands for general use (HO)
)
(/usr/share/texlive/texmf-dist/tex/generic/iftex/iftex.sty
Package: iftex 2022/02/03 v1.0f TeX engine tests
)
(/usr/share/texlive/texmf-dist/tex/generic/pdftexcmds/pdftexcmds.sty
Package: pdftexcmds 2020-06-27 v0.33 Utility functions of pdfTeX for LuaTeX (HO
)

(/usr/share/texlive/texmf-dist/tex/generic/infwarerr/infwarerr.sty
Package: infwarerr 2019/12/03 v1.5 Providing info/warning/error messages (HO)
)
Package pdftexcmds Info: \pdf@primitive is available.
Package pdftexcmds Info: \pdf@ifprimitive is available.
Package pdftexcmds Info: \pdfdraftmode found.
)
(/usr/share/texlive/texmf-dist/tex/latex/kvsetkeys/kvsetkeys.sty
Package: kvsetkeys 2022-10-05 v1.19 Key value parser (HO)
)
(/usr/share/texlive/texmf-dist/tex/generic/kvdefinekeys/kvdefinekeys.sty
Package: kvdefinekeys 2019-12-19 v1.6 Define keys (HO)
)
(/usr/share/texlive/texmf-dist/tex/generic/pdfescape/pdfescape.sty
Package: pdfescape 2019/12/09 v1.15 Implements pdfTeX's escape features (HO)
)
(/usr/share/texlive/texmf-dist/tex/latex/hycolor/hycolor.sty
Package: hycolor 2020-01-27 v1.10 Color options for hyperref/bookmark (HO)
)
(/usr/share/texlive/texmf-dist/tex/latex/letltxmacro/letltxmacro.sty
Package: letltxmacro 2019/12/03 v1.6 Let assignment for LaTeX macros (HO)
)
(/usr/share/texlive/texmf-dist/tex/latex/auxhook/auxhook.sty
Package: auxhook 2019-12-17 v1.6 Hooks for auxiliary files (HO)
)
(/usr/share/texlive/texmf-dist/tex/latex/hyperref/nameref.sty
Package: nameref 2022-05-17 v2.50 Cross-referencing by name of section

(/usr/share/texlive/texmf-dist/tex/latex/refcount/refcount.sty
Package: refcount 2019/12/15 v3.6 Data extraction from label references (HO)
)
(/usr/share/texlive/texmf-dist/tex/generic/gettitlestring/gettitlestring.sty
Package: gettitlestring 2019/12/15 v1.6 Cleanup title references (HO)

(/usr/share/texlive/texmf-dist/tex/latex/kvoptions/kvoptions.sty
Package: kvoptions 2022-06-15 v3.15 Key value format for package options (HO)
))
\c@section@level=\count277
)
\@linkdim=\dimen161
\Hy@linkcounter=\count278
\Hy@pagecounter=\count279

(/usr/share/texlive/texmf-dist/tex/latex/hyperref/pd1enc.def
File: pd1enc.def 2022-11-13 v7.00u Hyperref: PDFDocEncoding definition (HO)
Now handling font encoding PD1 ...
... no UTF-8 mapping file for font encoding PD1
)
(/usr/share/texlive/texmf-dist/tex/generic/intcalc/intcalc.sty
Package: intcalc 2019/12/15 v1.3 Expandable calculations with integers (HO)
)
(/usr/share/texlive/texmf-dist/tex/generic/etexcmds/etexcmds.sty
Package: etexcmds 2019/12/15 v1.7 Avoid name clashes with e-TeX commands (HO)
)
\Hy@SavedSpaceFactor=\count280

(/usr/share/texlive/texmf-dist/tex/latex/hyperref/puenc.def
File: puenc.def 2022-11-13 v7.00u Hyperref: PDF Unicode definition (HO)
Now handling font encoding PU ...
... no UTF-8 mapping file for font encoding PU
)
Package hyperref Info: Hyper figures OFF on input line 4162.
Package hyperref Info: Link nesting OFF on input line 4167.
Package hyperref Info: Hyper index ON on input line 4170.
Package hyperref Info: Plain pages OFF on input line 4177.
Package hyperref Info: Backreferencing OFF on input line 4182.
Package hyperref Info: Implicit mode ON; LaTeX internals redefined.
Package hyperref Info: Bookmarks ON on input line 4410.
\c@Hy@tempcnt=\count281
LaTeX Info: Redefining \url on input line 4748.
\XeTeXLinkMargin=\dimen162

(/usr/share/texlive/texmf-dist/tex/generic/bitset/bitset.sty
Package: bitset 2019/12/09 v1.3 Handle bit-vector datatype (HO)

(/usr/share/texlive/texmf-dist/tex/generic/bigintcalc/bigintcalc.sty
Package: bigintcalc 2019/12/15 v1.5 Expandable calculations on big integers (HO
)
))
\Fld@menulength=\count282
\Field@Width=\dimen163
\Fld@charsize=\dimen164
Package hyperref Info: Hyper figures OFF on input line 6027.
Package hyperref Info: Link nesting OFF on input line 6032.
Package hyperref Info: Hyper index ON on input line 6035.
Package hyperref Info: backreferencing OFF on input line 6042.
Package hyperref Info: Link coloring OFF on input line 6047.
Package hyperref Info: Link coloring with OCG OFF on input line 6052.
Package hyperref Info: PDF/A mode OFF on input line 6057.

(/usr/share/texlive/texmf-dist/tex/latex/base/atbegshi-ltx.sty
Package: atbegshi-ltx 2021/01/10 v1.0c Emulation of the original atbegshi
package with kernel methods
)
\Hy@abspage=\count283
\c@Item=\count284
\c@Hfootnote=\count285
)
Package hyperref Info: Driver (autodetected): hpdftex.

(/usr/share/texlive/texmf-dist/tex/latex/hyperref/hpdftex.def
File: hpdftex.def 2022-11-13 v7.00u Hyperref driver for pdfTeX

(/usr/share/texlive/texmf-dist/tex/latex/base/atveryend-ltx.sty
Package: atveryend-ltx 2020/08/19 v1.0a Emulation of the original atveryend pac
kage
with kernel methods
)
\Fld@listcount=\count286
\c@bookmark@seq@number=\count287

(/usr/share/texlive/texmf-dist/tex/latex/rerunfilecheck/rerunfilecheck.sty
Package: rerunfilecheck 2022-07-10 v1.10 Rerun checks for auxiliary files (HO)

(/usr/share/texlive/texmf-dist/tex/generic/uniquecounter/uniquecounter.sty
Package: uniquecounter 2019/12/15 v1.4 Provide unlimited unique counter (HO)
)
Package uniquecounter Info: New unique counter `rerunfilecheck' on input line 2
85.
)
\Hy@SectionHShift=\skip57
)
(/usr/share/texlive/texmf-dist/tex/latex/l3backend/l3backend-pdftex.def
File: l3backend-pdftex.def 2023-01-16 L3 backend support: PDF output (pdfTeX)
\l__color_backend_stack_int=\count288
\l__pdf_internal_box=\box53
)
(./Analysis_Note_InclusiveEarlyScienceGrids_ep.aux)
\openout1 = `Analysis_Note_InclusiveEarlyScienceGrids_ep.aux'.

LaTeX Font Info:    Checking defaults for OML/cmm/m/it on input line 28.
LaTeX Font Info:    ... okay on input line 28.
LaTeX Font Info:    Checking defaults for OMS/cmsy/m/n on input line 28.
LaTeX Font Info:    ... okay on input line 28.
LaTeX Font Info:    Checking defaults for OT1/cmr/m/n on input line 28.
LaTeX Font Info:    ... okay on input line 28.
LaTeX Font Info:    Checking defaults for T1/cmr/m/n on input line 28.
LaTeX Font Info:    ... okay on input line 28.
LaTeX Font Info:    Checking defaults for TS1/cmr/m/n on input line 28.
LaTeX Font Info:    ... okay on input line 28.
LaTeX Font Info:    Checking defaults for OMX/cmex/m/n on input line 28.
LaTeX Font Info:    ... okay on input line 28.
LaTeX Font Info:    Checking defaults for U/cmr/m/n on input line 28.
LaTeX Font Info:    ... okay on input line 28.
LaTeX Font Info:    Checking defaults for PD1/pdf/m/n on input line 28.
LaTeX Font Info:    ... okay on input line 28.
LaTeX Font Info:    Checking defaults for PU/pdf/m/n on input line 28.
LaTeX Font Info:    ... okay on input line 28.

(/usr/share/texlive/texmf-dist/tex/context/base/mkii/supp-pdf.mkii
[Loading MPS to PDF converter (version 2006.09.02).]
\scratchcounter=\count289
\scratchdimen=\dimen165
\scratchbox=\box54
\nofMPsegments=\count290
\nofMParguments=\count291
\everyMPshowfont=\toks24
\MPscratchCnt=\count292
\MPscratchDim=\dimen166
\MPnumerator=\count293
\makeMPintoPDFobject=\count294
\everyMPtoPDFconversion=\toks25
) (/usr/share/texlive/texmf-dist/tex/latex/epstopdf-pkg/epstopdf-base.sty
Package: epstopdf-base 2020-01-24 v2.11 Base part for package epstopdf
Package epstopdf-base Info: Redefining graphics rule for `.eps' on input line 4
85.

(/usr/share/texlive/texmf-dist/tex/latex/latexconfig/epstopdf-sys.cfg
File: epstopdf-sys.cfg 2010/07/13 v1.3 Configuration of (r)epstopdf for TeX Liv
e
))
Package caption Info: Begin \AtBeginDocument code.
Package caption Info: hyperref package is loaded.
Package caption Info: End \AtBeginDocument code.
Package hyperref Info: Link coloring OFF on input line 28.

(./Analysis_Note_InclusiveEarlyScienceGrids_ep.out)
(./Analysis_Note_InclusiveEarlyScienceGrids_ep.out)
\@outlinefile=\write3
\openout3 = `Analysis_Note_InclusiveEarlyScienceGrids_ep.out'.

LaTeX Font Info:    Trying to load font information for U+msa on input line 31.


(/usr/share/texlive/texmf-dist/tex/latex/amsfonts/umsa.fd
File: umsa.fd 2013/01/14 v3.01 AMS symbols A
)
LaTeX Font Info:    Trying to load font information for U+msb on input line 31.


(/usr/share/texlive/texmf-dist/tex/latex/amsfonts/umsb.fd
File: umsb.fd 2013/01/14 v3.01 AMS symbols B
)
<Figures/EPIC-logo_black.png, id=48, 361.35pt x 260.172pt>
File: Figures/EPIC-logo_black.png Graphic file (type png)
<use Figures/EPIC-logo_black.png>
Package pdftex.def Info: Figures/EPIC-logo_black.png  used on input line 39.
(pdftex.def)             Requested size: 180.67456pt x 130.08566pt.


LaTeX Warning: `h' float specifier changed to `ht'.

[1

{/var/lib/texmf/fonts/map/pdftex/updmap/pdftex.map}]
(./Analysis_Note_InclusiveEarlyScienceGrids_ep.toc)
\tf@toc=\write4
\openout4 = `Analysis_Note_InclusiveEarlyScienceGrids_ep.toc'.

 [2 <./Figures/EPIC-logo_black.png>]
<Figures/DIS_feynman.png, id=85, 929.4725pt x 716.6775pt>
File: Figures/DIS_feynman.png Graphic file (type png)
<use Figures/DIS_feynman.png>
Package pdftex.def Info: Figures/DIS_feynman.png  used on input line 67.
(pdftex.def)             Requested size: 312.00119pt x 240.56142pt.
 [1] [2 <./Figures/DIS_feynman.png>]
<Figures/Empz_10x130_postCut.png, id=117, 436.63126pt x 480.79625pt>
File: Figures/Empz_10x130_postCut.png Graphic file (type png)
<use Figures/Empz_10x130_postCut.png>
Package pdftex.def Info: Figures/Empz_10x130_postCut.png  used on input line 10
2.
(pdftex.def)             Requested size: 120.89905pt x 132.33755pt.
<Figures/Empz_10x250_postCut.png, id=119, 436.63126pt x 480.79625pt>
File: Figures/Empz_10x250_postCut.png Graphic file (type png)
<use Figures/Empz_10x250_postCut.png>
Package pdftex.def Info: Figures/Empz_10x250_postCut.png  used on input line 10
3.
(pdftex.def)             Requested size: 120.89905pt x 132.33755pt.
<Figures/Empz_5x130_postCut.png, id=121, 436.63126pt x 480.79625pt>
File: Figures/Empz_5x130_postCut.png Graphic file (type png)
<use Figures/Empz_5x130_postCut.png>
Package pdftex.def Info: Figures/Empz_5x130_postCut.png  used on input line 104
.
(pdftex.def)             Requested size: 120.89905pt x 132.33755pt.
 [3]
<Figures/xReso_ele_10x130.png, id=133, 436.63126pt x 480.79625pt>
File: Figures/xReso_ele_10x130.png Graphic file (type png)
<use Figures/xReso_ele_10x130.png>
Package pdftex.def Info: Figures/xReso_ele_10x130.png  used on input line 116.
(pdftex.def)             Requested size: 120.89905pt x 133.12541pt.
<Figures/yReso_ele_10x130.png, id=134, 436.63126pt x 480.79625pt>
File: Figures/yReso_ele_10x130.png Graphic file (type png)
<use Figures/yReso_ele_10x130.png>
Package pdftex.def Info: Figures/yReso_ele_10x130.png  used on input line 117.
(pdftex.def)             Requested size: 120.89905pt x 133.12541pt.
<Figures/Q2Reso_ele_10x130.png, id=135, 436.63126pt x 480.79625pt>
File: Figures/Q2Reso_ele_10x130.png Graphic file (type png)
<use Figures/Q2Reso_ele_10x130.png>
Package pdftex.def Info: Figures/Q2Reso_ele_10x130.png  used on input line 118.

(pdftex.def)             Requested size: 120.89905pt x 133.12541pt.
<Figures/xReso2D_ele_10x130.png, id=136, 436.63126pt x 480.79625pt>
File: Figures/xReso2D_ele_10x130.png Graphic file (type png)
<use Figures/xReso2D_ele_10x130.png>
Package pdftex.def Info: Figures/xReso2D_ele_10x130.png  used on input line 119
.
(pdftex.def)             Requested size: 120.89905pt x 133.12541pt.
<Figures/yReso2D_ele_10x130.png, id=137, 436.63126pt x 480.79625pt>
File: Figures/yReso2D_ele_10x130.png Graphic file (type png)
<use Figures/yReso2D_ele_10x130.png>
Package pdftex.def Info: Figures/yReso2D_ele_10x130.png  used on input line 120
.
(pdftex.def)             Requested size: 120.89905pt x 133.12541pt.
<Figures/Q2Reso2D_ele_10x130.png, id=138, 436.63126pt x 480.79625pt>
File: Figures/Q2Reso2D_ele_10x130.png Graphic file (type png)
<use Figures/Q2Reso2D_ele_10x130.png>
Package pdftex.def Info: Figures/Q2Reso2D_ele_10x130.png  used on input line 12
1.
(pdftex.def)             Requested size: 120.89905pt x 133.12541pt.
 [4 <./Figures/Empz_10x130_postCut.png> <./Figures/Empz_10x250_postCut.png> <./
Figures/Empz_5x130_postCut.png>] [5 <./Figures/xReso_ele_10x130.png> <./Figures
/yReso_ele_10x130.png> <./Figures/Q2Reso_ele_10x130.png> <./Figures/xReso2D_ele
_10x130.png> <./Figures/yReso2D_ele_10x130.png> <./Figures/Q2Reso2D_ele_10x130.
png>]
<Figures/Gen_ele_10x250.png, id=165, 488.5452pt x 398.9304pt>
File: Figures/Gen_ele_10x250.png Graphic file (type png)
<use Figures/Gen_ele_10x250.png>
Package pdftex.def Info: Figures/Gen_ele_10x250.png  used on input line 137.
(pdftex.def)             Requested size: 187.19833pt x 152.86125pt.
<Figures/Rec_ele_10x250.png, id=166, 488.5452pt x 398.9304pt>
File: Figures/Rec_ele_10x250.png Graphic file (type png)
<use Figures/Rec_ele_10x250.png>
Package pdftex.def Info: Figures/Rec_ele_10x250.png  used on input line 138.
(pdftex.def)             Requested size: 187.19833pt x 152.86125pt.
<Figures/Purity_ele_10x250.png, id=169, 488.5452pt x 398.9304pt>
File: Figures/Purity_ele_10x250.png Graphic file (type png)
<use Figures/Purity_ele_10x250.png>
Package pdftex.def Info: Figures/Purity_ele_10x250.png  used on input line 152.

(pdftex.def)             Requested size: 187.19833pt x 152.86125pt.
<Figures/Stability_ele_10x250.png, id=170, 488.5452pt x 398.9304pt>
File: Figures/Stability_ele_10x250.png Graphic file (type png)
<use Figures/Stability_ele_10x250.png>
Package pdftex.def Info: Figures/Stability_ele_10x250.png  used on input line 1
53.
(pdftex.def)             Requested size: 187.19833pt x 152.86125pt.
<Figures/StatErr_ele_5x130.png, id=173, 496.4949pt x 398.9304pt>
File: Figures/StatErr_ele_5x130.png Graphic file (type png)
<use Figures/StatErr_ele_5x130.png>
Package pdftex.def Info: Figures/StatErr_ele_5x130.png  used on input line 162.

(pdftex.def)             Requested size: 187.19833pt x 150.41422pt.
<Figures/StatErr_ele_10x130.png, id=174, 496.4949pt x 398.9304pt>
File: Figures/StatErr_ele_10x130.png Graphic file (type png)
<use Figures/StatErr_ele_10x130.png>
Package pdftex.def Info: Figures/StatErr_ele_10x130.png  used on input line 163
.
(pdftex.def)             Requested size: 187.19833pt x 150.41422pt.
<Figures/StatErr_ele_10x250.png, id=175, 496.4949pt x 398.9304pt>
File: Figures/StatErr_ele_10x250.png Graphic file (type png)
<use Figures/StatErr_ele_10x250.png>
Package pdftex.def Info: Figures/StatErr_ele_10x250.png  used on input line 164
.
(pdftex.def)             Requested size: 187.19833pt x 150.41422pt.
 [6 <./Figures/Gen_ele_10x250.png> <./Figures/Rec_ele_10x250.png>] [7 <./Figure
s/Purity_ele_10x250.png> <./Figures/Stability_ele_10x250.png>]
<Figures/NNPDF31_nnlo_as_0118_proton_Xsec_ep_Ee10_Ep250.StandardBinning_Q2_3.16
2.png, id=198, 505.89pt x 361.35pt>
File: Figures/NNPDF31_nnlo_as_0118_proton_Xsec_ep_Ee10_Ep250.StandardBinning_Q2
_3.162.png Graphic file (type png)
<use Figures/NNPDF31_nnlo_as_0118_proton_Xsec_ep_Ee10_Ep250.StandardBinning_Q2_
3.162.png>
Package pdftex.def Info: Figures/NNPDF31_nnlo_as_0118_proton_Xsec_ep_Ee10_Ep250
.StandardBinning_Q2_3.162.png  used on input line 178.
(pdftex.def)             Requested size: 187.19833pt x 133.71394pt.
<Figures/NNPDF31_nnlo_as_0118_proton_Xsec_ep_Ee10_Ep250.StandardBinning_Q2_31.6
2.png, id=199, 505.89pt x 361.35pt>
File: Figures/NNPDF31_nnlo_as_0118_proton_Xsec_ep_Ee10_Ep250.StandardBinning_Q2
_31.62.png Graphic file (type png)
<use Figures/NNPDF31_nnlo_as_0118_proton_Xsec_ep_Ee10_Ep250.StandardBinning_Q2_
31.62.png>
Package pdftex.def Info: Figures/NNPDF31_nnlo_as_0118_proton_Xsec_ep_Ee10_Ep250
.StandardBinning_Q2_31.62.png  used on input line 179.
(pdftex.def)             Requested size: 187.19833pt x 133.71394pt.
<Figures/NNPDF31_nnlo_as_0118_proton_Xsec_ep_Ee10_Ep250.StandardBinning_Q2_316.
2.png, id=200, 505.89pt x 361.35pt>
File: Figures/NNPDF31_nnlo_as_0118_proton_Xsec_ep_Ee10_Ep250.StandardBinning_Q2
_316.2.png Graphic file (type png)
<use Figures/NNPDF31_nnlo_as_0118_proton_Xsec_ep_Ee10_Ep250.StandardBinning_Q2_
316.2.png>
Package pdftex.def Info: Figures/NNPDF31_nnlo_as_0118_proton_Xsec_ep_Ee10_Ep250
.StandardBinning_Q2_316.2.png  used on input line 180.
(pdftex.def)             Requested size: 187.19833pt x 133.71394pt.
<Figures/NNPDF31_nnlo_as_0118_proton_Xsec_ep_Ee10_Ep250.StandardBinning_Q2_3162
.png, id=201, 505.89pt x 361.35pt>
File: Figures/NNPDF31_nnlo_as_0118_proton_Xsec_ep_Ee10_Ep250.StandardBinning_Q2
_3162.png Graphic file (type png)
<use Figures/NNPDF31_nnlo_as_0118_proton_Xsec_ep_Ee10_Ep250.StandardBinning_Q2_
3162.png>
Package pdftex.def Info: Figures/NNPDF31_nnlo_as_0118_proton_Xsec_ep_Ee10_Ep250
.StandardBinning_Q2_3162.png  used on input line 181.
(pdftex.def)             Requested size: 187.19833pt x 133.71394pt.
 [8 <./Figures/StatErr_ele_5x130.png> <./Figures/StatErr_ele_10x130.png> <./Fig
ures/StatErr_ele_10x250.png>] [9 <./Figures/NNPDF31_nnlo_as_0118_proton_Xsec_ep
_Ee10_Ep250.StandardBinning_Q2_3.162.png> <./Figures/NNPDF31_nnlo_as_0118_proto
n_Xsec_ep_Ee10_Ep250.StandardBinning_Q2_31.62.png> <./Figures/NNPDF31_nnlo_as_0
118_proton_Xsec_ep_Ee10_Ep250.StandardBinning_Q2_316.2.png> <./Figures/NNPDF31_
nnlo_as_0118_proton_Xsec_ep_Ee10_Ep250.StandardBinning_Q2_3162.png>]
<Figures/detector_effects_p2p_10x130.png, id=225, 529.0164pt x 454.5783pt>
File: Figures/detector_effects_p2p_10x130.png Graphic file (type png)
<use Figures/detector_effects_p2p_10x130.png>
Package pdftex.def Info: Figures/detector_effects_p2p_10x130.png  used on input
 line 195.
(pdftex.def)             Requested size: 312.00119pt x 268.10176pt.
<Figures/Error_vs_Q2_x7.9e-01.png, id=227, 700.6175pt x 477.785pt>
File: Figures/Error_vs_Q2_x7.9e-01.png Graphic file (type png)
<use Figures/Error_vs_Q2_x7.9e-01.png>
Package pdftex.def Info: Figures/Error_vs_Q2_x7.9e-01.png  used on input line 2
04.
(pdftex.def)             Requested size: 187.19833pt x 127.65494pt.
<Figures/Error_vs_Q2_x7.9e-02.png, id=228, 700.6175pt x 477.785pt>
File: Figures/Error_vs_Q2_x7.9e-02.png Graphic file (type png)
<use Figures/Error_vs_Q2_x7.9e-02.png>
Package pdftex.def Info: Figures/Error_vs_Q2_x7.9e-02.png  used on input line 2
05.
(pdftex.def)             Requested size: 187.19833pt x 127.65494pt.
<Figures/Error_vs_Q2_x7.9e-03.png, id=229, 700.6175pt x 477.785pt>
File: Figures/Error_vs_Q2_x7.9e-03.png Graphic file (type png)
<use Figures/Error_vs_Q2_x7.9e-03.png>
Package pdftex.def Info: Figures/Error_vs_Q2_x7.9e-03.png  used on input line 2
06.
(pdftex.def)             Requested size: 187.19833pt x 127.65494pt.
<Figures/Error_vs_Q2_x7.9e-04.png, id=230, 700.6175pt x 477.785pt>
File: Figures/Error_vs_Q2_x7.9e-04.png Graphic file (type png)
<use Figures/Error_vs_Q2_x7.9e-04.png>
Package pdftex.def Info: Figures/Error_vs_Q2_x7.9e-04.png  used on input line 2
07.
(pdftex.def)             Requested size: 187.19833pt x 127.65494pt.
<Figures/xsec_2_com_pessimistic_no_PS_cut.pdf, id=234, 569.12625pt x 321.2pt>
File: Figures/xsec_2_com_pessimistic_no_PS_cut.pdf Graphic file (type pdf)
<use Figures/xsec_2_com_pessimistic_no_PS_cut.pdf>
Package pdftex.def Info: Figures/xsec_2_com_pessimistic_no_PS_cut.pdf  used on 
input line 222.
(pdftex.def)             Requested size: 350.99762pt x 198.1029pt.
<Figures/xsec_2_com_pessimistic_0.3_PS_cut.pdf, id=235, 569.12625pt x 321.2pt>
File: Figures/xsec_2_com_pessimistic_0.3_PS_cut.pdf Graphic file (type pdf)
<use Figures/xsec_2_com_pessimistic_0.3_PS_cut.pdf>
Package pdftex.def Info: Figures/xsec_2_com_pessimistic_0.3_PS_cut.pdf  used on
 input line 228.
(pdftex.def)             Requested size: 350.99762pt x 198.1029pt.
 [10]
<Figures/xsec_all_com_pessimistic_no_PS_cut.pdf, id=244, 569.12625pt x 321.2pt>

File: Figures/xsec_all_com_pessimistic_no_PS_cut.pdf Graphic file (type pdf)
<use Figures/xsec_all_com_pessimistic_no_PS_cut.pdf>
Package pdftex.def Info: Figures/xsec_all_com_pessimistic_no_PS_cut.pdf  used o
n input line 236.
(pdftex.def)             Requested size: 350.99762pt x 198.1029pt.

Underfull \hbox (badness 1527) in paragraph at lines 237--237
[]\OT1/cmr/m/n/10.95 Figure 12: |Cross sec-tions and un-cer-tain-ties for the 5
x130, 10x130, and
 []

<Figures/xsec_all_com_pessimistic_0.3_PS_cut.pdf, id=245, 569.12625pt x 321.2pt
>
File: Figures/xsec_all_com_pessimistic_0.3_PS_cut.pdf Graphic file (type pdf)
<use Figures/xsec_all_com_pessimistic_0.3_PS_cut.pdf>
Package pdftex.def Info: Figures/xsec_all_com_pessimistic_0.3_PS_cut.pdf  used 
on input line 242.
(pdftex.def)             Requested size: 350.99762pt x 198.1029pt.

Underfull \hbox (badness 1527) in paragraph at lines 243--243
[]\OT1/cmr/m/n/10.95 Figure 13: |Cross sec-tions and un-cer-tain-ties for the 5
x130, 10x130, and
 []

[11 <./Figures/detector_effects_p2p_10x130.png>]
<Figures/xsec_10x130_multiplot_no_PS_cut_vs_Q2.pdf, id=258, 569.12625pt x 302.1
2875pt>
File: Figures/xsec_10x130_multiplot_no_PS_cut_vs_Q2.pdf Graphic file (type pdf)

<use Figures/xsec_10x130_multiplot_no_PS_cut_vs_Q2.pdf>
Package pdftex.def Info: Figures/xsec_10x130_multiplot_no_PS_cut_vs_Q2.pdf  use
d on input line 250.
(pdftex.def)             Requested size: 382.19833pt x 202.90465pt.
<Figures/xsec_10x250_multiplot_no_PS_cut_vs_Q2.pdf, id=259, 569.12625pt x 302.1
2875pt>
File: Figures/xsec_10x250_multiplot_no_PS_cut_vs_Q2.pdf Graphic file (type pdf)

<use Figures/xsec_10x250_multiplot_no_PS_cut_vs_Q2.pdf>
Package pdftex.def Info: Figures/xsec_10x250_multiplot_no_PS_cut_vs_Q2.pdf  use
d on input line 256.
(pdftex.def)             Requested size: 382.19833pt x 202.90465pt.
<Figures/xsec_10x130_multiplot_no_PS_cut_vs_x.pdf, id=260, 569.12625pt x 302.12
875pt>
File: Figures/xsec_10x130_multiplot_no_PS_cut_vs_x.pdf Graphic file (type pdf)
<use Figures/xsec_10x130_multiplot_no_PS_cut_vs_x.pdf>
Package pdftex.def Info: Figures/xsec_10x130_multiplot_no_PS_cut_vs_x.pdf  used
 on input line 262.
(pdftex.def)             Requested size: 382.19833pt x 202.90465pt.
<Figures/xsec_10x250_multiplot_no_PS_cut_vs_x.pdf, id=261, 569.12625pt x 302.12
875pt>
File: Figures/xsec_10x250_multiplot_no_PS_cut_vs_x.pdf Graphic file (type pdf)
<use Figures/xsec_10x250_multiplot_no_PS_cut_vs_x.pdf>
Package pdftex.def Info: Figures/xsec_10x250_multiplot_no_PS_cut_vs_x.pdf  used
 on input line 268.
(pdftex.def)             Requested size: 382.19833pt x 202.90465pt.
 [12 <./Figures/Error_vs_Q2_x7.9e-01.png> <./Figures/Error_vs_Q2_x7.9e-02.png> 
<./Figures/Error_vs_Q2_x7.9e-03.png> <./Figures/Error_vs_Q2_x7.9e-04.png>] [13 
<./Figures/xsec_2_com_pessimistic_no_PS_cut.pdf, page is rotated 90 degrees> <.
/Figures/xsec_2_com_pessimistic_0.3_PS_cut.pdf, page is rotated 90 degrees>] [1
4 <./Figures/xsec_all_com_pessimistic_no_PS_cut.pdf, page is rotated 90 degrees
> <./Figures/xsec_all_com_pessimistic_0.3_PS_cut.pdf, page is rotated 90 degree
s>] [15 <./Figures/xsec_10x130_multiplot_no_PS_cut_vs_Q2.pdf, page is rotated 9
0 degrees>] [16 <./Figures/xsec_10x250_multiplot_no_PS_cut_vs_Q2.pdf, page is r
otated 90 degrees> <./Figures/xsec_10x130_multiplot_no_PS_cut_vs_x.pdf, page is
 rotated 90 degrees>] [17 <./Figures/xsec_10x250_multiplot_no_PS_cut_vs_x.pdf, 
page is rotated 90 degrees>]
[18] (./Analysis_Note_InclusiveEarlyScienceGrids_ep.bbl
Underfull \hbox (badness 10000) in paragraph at lines 38--46
\OT1/cmr/m/n/12 URL []$\OT1/cmtt/m/n/12 https : / / www . sciencedirect . com /
 science / article / pii /
 []


Underfull \hbox (badness 10000) in paragraph at lines 48--53
\OT1/cmr/m/n/12 URL []$\OT1/cmtt/m/n/12 https : / / github . com / eic / docume
nts / blob / master / reports /
 []

[19]
Underfull \hbox (badness 1748) in paragraph at lines 114--120
\OT1/cmr/m/n/12 sections in elec-tron - pro-ton col-li-sions at high $\OML/cmm/
m/it/12 Q[]$\OT1/cmr/m/n/12 , Eur. Phys.
 []

[20]) [21] (./Analysis_Note_InclusiveEarlyScienceGrids_ep.aux)
Package rerunfilecheck Info: File `Analysis_Note_InclusiveEarlyScienceGrids_ep.
out' has not changed.
(rerunfilecheck)             Checksum: 3A817B3B85B3BD3D98F82E9B29F2F3F3;1579.
 ) 
Here is how much of TeX's memory you used:
 11838 strings out of 476091
 195232 string characters out of 5794081
 1862330 words of memory out of 5000000
 31959 multiletter control sequences out of 15000+600000
 523376 words of font info for 75 fonts, out of 8000000 for 9000
 1141 hyphenation exceptions out of 8191
 75i,11n,76p,1830b,558s stack positions out of 10000i,1000n,20000p,200000b,200000s
</usr/share/texlive/texmf-dist/fonts/type1/public/amsfonts/cm/cmbx10.pfb></us
r/share/texlive/texmf-dist/fonts/type1/public/amsfonts/cm/cmbx12.pfb></usr/shar
e/texlive/texmf-dist/fonts/type1/public/amsfonts/cm/cmcsc10.pfb></usr/share/tex
live/texmf-dist/fonts/type1/public/amsfonts/cm/cmex10.pfb></usr/share/texlive/t
exmf-dist/fonts/type1/public/amsfonts/cm/cmmi10.pfb></usr/share/texlive/texmf-d
ist/fonts/type1/public/amsfonts/cm/cmmi12.pfb></usr/share/texlive/texmf-dist/fo
nts/type1/public/amsfonts/cm/cmmi8.pfb></usr/share/texlive/texmf-dist/fonts/typ
e1/public/amsfonts/cm/cmr10.pfb></usr/share/texlive/texmf-dist/fonts/type1/publ
ic/amsfonts/cm/cmr12.pfb></usr/share/texlive/texmf-dist/fonts/type1/public/amsf
onts/cm/cmr17.pfb></usr/share/texlive/texmf-dist/fonts/type1/public/amsfonts/cm
/cmr8.pfb></usr/share/texlive/texmf-dist/fonts/type1/public/amsfonts/cm/cmsy10.
pfb></usr/share/texlive/texmf-dist/fonts/type1/public/amsfonts/cm/cmsy8.pfb></u
sr/share/texlive/texmf-dist/fonts/type1/public/amsfonts/cm/cmtt12.pfb></usr/sha
re/texlive/texmf-dist/fonts/type1/public/amsfonts/symbols/msam10.pfb>
Output written on Analysis_Note_InclusiveEarlyScienceGrids_ep.pdf (23 pages, 11
33016 bytes).
PDF statistics:
 799 PDF objects out of 1000 (max. 8388607)
 478 compressed objects within 5 object streams
 79 named destinations out of 1000 (max. 500000)
 282 words of extra memory for PDF output out of 10000 (max. 10000000)

